<?xml version="1.0" encoding="UTF-8"?>
<testsuite xmlns:xsi="http://www.w3.org/2001/XMLSchema-instance" xsi:noNamespaceSchemaLocation="https://maven.apache.org/surefire/maven-surefire-plugin/xsd/surefire-test-report-3.0.xsd" version="3.0" name="com.interviewportal.common.security.JwtServiceTest" time="0.192" tests="3" errors="0" skipped="0" failures="0">
  <properties>
[...]
</properties>
  <testcase name="rejectsTamperedToken" classname="com.interviewportal.common.security.JwtServiceTest" time="0.168"/>
  <testcase name="refreshTokenHasRefreshType" classname="com.interviewportal.common.security.JwtServiceTest" time="0.004"/>
  <testcase name="generatesAndValidatesAccessToken" classname="com.interviewportal.common.security.JwtServiceTest" time="0.004"/>
</testsuite>